Arguments: 
  C:\Program Files (x86)\nodejs\node.exe C:\Users\dacb\AppData\Roaming\npm\node_modules\yarn\bin\yarn.js add [yarn-build-version]

PATH: 
  C:\Users\dacb\bin;C:\Users\dacb\AppData\Local\Programs\Git\mingw64\bin;C:\Users\dacb\AppData\Local\Programs\Git\usr\local\bin;C:\Users\dacb\AppData\Local\Programs\Git\usr\bin;C:\Users\dacb\AppData\Local\Programs\Git\usr\bin;C:\Users\dacb\AppData\Local\Programs\Git\mingw64\bin;C:\Users\dacb\AppData\Local\Programs\Git\usr\bin;C:\Users\dacb\bin;C:\windows\system32;C:\windows;C:\windows\System32\Wbem;C:\windows\System32\WindowsPowerShell\v1.0;C:\windows\System32\OpenSSH;C:\Program Files\nodejs;C:\Program Files (x86)\nodejs;C:\Ruby26-x64\bin;C:\Program Files\nodejs;C:\Ruby31\bin;C:\Ruby26\bin;C:\Users\dacb\AppData\Local\Microsoft\WindowsApps;C:\Users\dacb\AppData\Local\Programs\Git\cmd;C:\Users\dacb\AppData\Local\GitHubDesktop\bin;C:\Users\dacb\AppData\Local\atom\bin;C:\Users\dacb\AppData\Roaming\npm;C:\Users\dacb\AppData\Local\Programs\Git\usr\bin\vendor_perl;C:\Users\dacb\AppData\Local\Programs\Git\usr\bin\core_perl

Yarn version: 
  1.22.19

Node version: 
  14.17.0

Platform: 
  win32 ia32

Trace: 
  Error: https://registry.yarnpkg.com/[yarn-build-version]: Not found
      at Request.params.callback [as _callback] (C:\Users\dacb\AppData\Roaming\npm\node_modules\yarn\lib\cli.js:66145:18)
      at Request.self.callback (C:\Users\dacb\AppData\Roaming\npm\node_modules\yarn\lib\cli.js:140890:22)
      at Request.emit (events.js:376:20)
      at Request.<anonymous> (C:\Users\dacb\AppData\Roaming\npm\node_modules\yarn\lib\cli.js:141862:10)
      at Request.emit (events.js:376:20)
      at IncomingMessage.<anonymous> (C:\Users\dacb\AppData\Roaming\npm\node_modules\yarn\lib\cli.js:141784:12)
      at Object.onceWrapper (events.js:482:28)
      at IncomingMessage.emit (events.js:388:22)
      at endReadableNT (internal/streams/readable.js:1336:12)
      at processTicksAndRejections (internal/process/task_queues.js:82:21)

npm manifest: 
  No manifest

yarn manifest: 
  No manifest

Lockfile: 
  # THIS IS AN AUTOGENERATED FILE. DO NOT EDIT THIS FILE DIRECTLY.
  # yarn lockfile v1
